<?xml version="1.0" encoding="UTF-8"?>
<!-- Generated by org.testng.reporters.JUnitXMLReporter -->
<testsuite hostname="LAPTOP-01TN7J6A" ignored="0" name="Test Automation" tests="1" failures="1" timestamp="22 Jul 2018 12:04:33 GMT" time="42.106" errors="0">
  <testcase name="testMethod on [SampleTestClass passed=0 failed=0 skipped=0]" time="2.761" classname="uitests.smoke.SampleTestClass">
    <failure type="java.lang.AssertionError" message="Expected text not found on page! expected [true] but found [false]">
      <![CDATA[java.lang.AssertionError: Expected text not found on page! expected [true] but found [false]
at uitests.smoke.SampleTestClass.testMethod(SampleTestClass.java:29)
at java.util.concurrent.FutureTask.run(Unknown Source)
at java.util.concurrent.ThreadPoolExecutor.runWorker(Unknown Source)
at java.util.concurrent.ThreadPoolExecutor$Worker.run(Unknown Source)
at java.lang.Thread.run(Unknown Source)
... Removed 19 stack frames]]>
    </failure>
  </testcase> <!-- testMethod on [SampleTestClass passed=0 failed=0 skipped=0] -->
</testsuite> <!-- Test Automation -->
