<?xml version="1.0" encoding="UTF-8"?>
<testng-results skipped="0" failed="1" ignored="0" total="2" passed="1">
  <reporter-output>
    <line>
      <![CDATA[[Console Log] Screenshot saved in uitests.smoke.TestSutes_screenshot.png]]>
    </line>
  </reporter-output>
  <suite name="SmokeTestSuite" duration-ms="59913" started-at="2019-10-06T10:03:17Z" finished-at="2019-10-06T10:04:17Z">
    <groups>
      <group name="Smoke">
        <method signature="TestSutes.testMethod(java.lang.String)[pri:0, instance:[TestSutes passed=0 failed=0 skipped=0]]" name="testMethod" class="uitests.smoke.TestSutes"/>
        <method signature="TestSutes.testMethod(java.lang.String)[pri:0, instance:[TestSutes passed=0 failed=0 skipped=0]]" name="testMethod" class="uitests.smoke.TestSutes"/>
      </group> <!-- Smoke -->
      <group name="TestModule">
        <method signature="TestSutes.testMethod(java.lang.String)[pri:0, instance:[TestSutes passed=0 failed=0 skipped=0]]" name="testMethod" class="uitests.smoke.TestSutes"/>
        <method signature="TestSutes.testMethod(java.lang.String)[pri:0, instance:[TestSutes passed=0 failed=0 skipped=0]]" name="testMethod" class="uitests.smoke.TestSutes"/>
      </group> <!-- TestModule -->
    </groups>
    <test name="Positive Test Case" duration-ms="34476" started-at="2019-10-06T10:03:17Z" finished-at="2019-10-06T10:03:52Z">
      <class name="uitests.smoke.TestSutes">
        <test-method status="PASS" signature="setUp(java.lang.String, java.lang.String, java.lang.String, java.lang.String)[pri:0, instance:[TestSutes passed=0 failed=0 skipped=0]]" name="setUp" is-config="true" duration-ms="18410" started-at="2019-10-06T10:03:17Z" finished-at="2019-10-06T10:03:35Z">
          <params>
            <param index="0">
              <value>
                <![CDATA[windows]]>
              </value>
            </param>
            <param index="1">
              <value>
                <![CDATA[10]]>
              </value>
            </param>
            <param index="2">
              <value>
                <![CDATA[Chrome]]>
              </value>
            </param>
            <param index="3">
              <value>
                <![CDATA[67.0.3396.99 (Official Build) (64-bit)]]>
              </value>
            </param>
          </params>
          <reporter-output>
          </reporter-output>
        </test-method> <!-- setUp -->
        <test-method status="PASS" signature="testMethod(java.lang.String)[pri:0, instance:[TestSutes passed=0 failed=0 skipped=0]]" name="testMethod" duration-ms="14299" started-at="2019-10-06T10:03:36Z" finished-at="2019-10-06T10:03:50Z">
          <params>
            <param index="0">
              <value>
                <![CDATA[Hello There!]]>
              </value>
            </param>
          </params>
          <reporter-output>
          </reporter-output>
        </test-method> <!-- testMethod -->
        <test-method status="PASS" signature="tearDown()[pri:0, instance:[TestSutes passed=0 failed=0 skipped=0]]" name="tearDown" is-config="true" duration-ms="1654" started-at="2019-10-06T10:03:50Z" finished-at="2019-10-06T10:03:52Z">
          <reporter-output>
          </reporter-output>
        </test-method> <!-- tearDown -->
      </class> <!-- uitests.smoke.TestSutes -->
    </test> <!-- Positive Test Case -->
    <test name="Negetive Test Case" duration-ms="23331" started-at="2019-10-06T10:03:54Z" finished-at="2019-10-06T10:04:17Z">
      <class name="uitests.smoke.TestSutes">
        <test-method status="PASS" signature="setUp(java.lang.String, java.lang.String, java.lang.String, java.lang.String)[pri:0, instance:[TestSutes passed=0 failed=0 skipped=0]]" name="setUp" is-config="true" duration-ms="15487" started-at="2019-10-06T10:03:54Z" finished-at="2019-10-06T10:04:09Z">
          <params>
            <param index="0">
              <value>
                <![CDATA[windows]]>
              </value>
            </param>
            <param index="1">
              <value>
                <![CDATA[10]]>
              </value>
            </param>
            <param index="2">
              <value>
                <![CDATA[Chrome]]>
              </value>
            </param>
            <param index="3">
              <value>
                <![CDATA[67.0.3396.99 (Official Build) (64-bit)]]>
              </value>
            </param>
          </params>
          <reporter-output>
          </reporter-output>
        </test-method> <!-- setUp -->
        <test-method status="FAIL" signature="testMethod(java.lang.String)[pri:0, instance:[TestSutes passed=0 failed=0 skipped=0]]" name="testMethod" duration-ms="3806" started-at="2019-10-06T10:04:09Z" finished-at="2019-10-06T10:04:13Z">
          <params>
            <param index="0">
              <value>
                <![CDATA[Hello There...!]]>
              </value>
            </param>
          </params>
          <exception class="java.lang.AssertionError">
            <message>
              <![CDATA[Expected text not found on page! expected [true] but found [false]]]>
            </message>
            <full-stacktrace>
              <![CDATA[java.lang.AssertionError: Expected text not found on page! expected [true] but found [false]
at org.testng.Assert.fail(Assert.java:96)
at org.testng.Assert.failNotEquals(Assert.java:776)
at org.testng.Assert.assertTrue(Assert.java:44)
at uitests.smoke.TestSutes.testMethod(TestSutes.java:55)
at sun.reflect.NativeMethodAccessorImpl.invoke0(Native Method)
at sun.reflect.NativeMethodAccessorImpl.invoke(NativeMethodAccessorImpl.java:62)
at sun.reflect.DelegatingMethodAccessorImpl.invoke(DelegatingMethodAccessorImpl.java:43)
at java.lang.reflect.Method.invoke(Method.java:498)
at org.testng.internal.MethodInvocationHelper.invokeMethod(MethodInvocationHelper.java:124)
at org.testng.internal.Invoker.invokeMethod(Invoker.java:580)
at org.testng.internal.Invoker.invokeTestMethod(Invoker.java:716)
at org.testng.internal.Invoker.invokeTestMethods(Invoker.java:988)
at org.testng.internal.TestMethodWorker.invokeTestMethods(TestMethodWorker.java:125)
at org.testng.internal.TestMethodWorker.run(TestMethodWorker.java:109)
at org.testng.TestRunner.privateRun(TestRunner.java:648)
at org.testng.TestRunner.run(TestRunner.java:505)
at org.testng.SuiteRunner.runTest(SuiteRunner.java:455)
at org.testng.SuiteRunner.runSequentially(SuiteRunner.java:450)
at org.testng.SuiteRunner.privateRun(SuiteRunner.java:415)
at org.testng.SuiteRunner.run(SuiteRunner.java:364)
at org.testng.SuiteRunnerWorker.runSuite(SuiteRunnerWorker.java:52)
at org.testng.SuiteRunnerWorker.run(SuiteRunnerWorker.java:84)
at org.testng.TestNG.runSuitesSequentially(TestNG.java:1208)
at org.testng.TestNG.runSuitesLocally(TestNG.java:1137)
at org.testng.TestNG.runSuites(TestNG.java:1049)
at org.testng.TestNG.run(TestNG.java:1017)
at org.testng.remote.AbstractRemoteTestNG.run(AbstractRemoteTestNG.java:114)
at org.testng.remote.RemoteTestNG.initAndRun(RemoteTestNG.java:251)
at org.testng.remote.RemoteTestNG.main(RemoteTestNG.java:77)
]]>
            </full-stacktrace>
          </exception> <!-- java.lang.AssertionError -->
          <reporter-output>
            <line>
              <![CDATA[[Console Log] Screenshot saved in uitests.smoke.TestSutes_screenshot.png]]>
            </line>
          </reporter-output>
        </test-method> <!-- testMethod -->
        <test-method status="PASS" signature="tearDown()[pri:0, instance:[TestSutes passed=0 failed=0 skipped=0]]" name="tearDown" is-config="true" duration-ms="1813" started-at="2019-10-06T10:04:15Z" finished-at="2019-10-06T10:04:17Z">
          <reporter-output>
          </reporter-output>
        </test-method> <!-- tearDown -->
      </class> <!-- uitests.smoke.TestSutes -->
    </test> <!-- Negetive Test Case -->
  </suite> <!-- SmokeTestSuite -->
</testng-results>
